{
  "stats": {
    "suites": 1,
    "tests": 1,
    "passes": 1,
    "pending": 0,
    "failures": 0,
    "start": "2023-02-06T09:15:06.353Z",
    "end": "2023-02-06T09:15:17.480Z",
    "duration": 11127,
    "testsRegistered": 1,
    "passPercent": 100,
    "pendingPercent": 0,
    "other": 0,
    "hasOther": false,
    "skipped": 0,
    "hasSkipped": false
  },
  "results": [
    {
      "uuid": "e8d247c3-e240-4a81-92f1-af7d39194c47",
      "title": "",
      "fullFile": "cypress\\e2e\\test-suite\\testCase1.cy.js",
      "file": "cypress\\e2e\\test-suite\\testCase1.cy.js",
      "beforeHooks": [],
      "afterHooks": [],
      "tests": [],
      "suites": [
        {
          "uuid": "396d04a0-50fd-4f6c-bd07-e3a219b62147",
          "title": "sample test",
          "fullFile": "",
          "file": "",
          "beforeHooks": [],
          "afterHooks": [],
          "tests": [
            {
              "title": "first test case",
              "fullTitle": "sample test first test case",
              "timedOut": null,
              "duration": 8687,
              "state": "passed",
              "speed": "medium",
              "pass": true,
              "fail": false,
              "pending": false,
              "context": null,
              "code": "expect(true).to.equal(true);",
              "err": {},
              "uuid": "002f889c-fdcd-4381-b297-0402132fda39",
              "parentUUID": "396d04a0-50fd-4f6c-bd07-e3a219b62147",
              "isHook": false,
              "skipped": false
            }
          ],
          "suites": [],
          "passes": [
            "002f889c-fdcd-4381-b297-0402132fda39"
          ],
          "failures": [],
          "pending": [],
          "skipped": [],
          "duration": 8687,
          "root": false,
          "rootEmpty": false,
          "_timeout": 2000
        }
      ],
      "passes": [],
      "failures": [],
      "pending": [],
      "skipped": [],
      "duration": 0,
      "root": true,
      "rootEmpty": true,
      "_timeout": 2000
    }
  ],
  "meta": {
    "mocha": {
      "version": "7.0.1"
    },
    "mochawesome": {
      "options": {
        "quiet": false,
        "reportFilename": "report",
        "saveHtml": true,
        "saveJson": true,
        "consoleReporter": "spec",
        "useInlineDiffs": false,
        "code": true
      },
      "version": "7.1.3"
    },
    "marge": {
      "options": {
        "reportDir": "cypress/reports",
        "reportFilename": "report",
        "overwrite": false,
        "html": true,
        "json": true,
        "charts": true
      },
      "version": "6.2.0"
    }
  }
}