{
  "stats": {
    "suites": 1,
    "tests": 2,
    "passes": 1,
    "pending": 0,
    "failures": 1,
    "start": "2023-02-06T09:21:07.377Z",
    "end": "2023-02-06T09:22:37.601Z",
    "duration": 90224,
    "testsRegistered": 2,
    "passPercent": 50,
    "pendingPercent": 0,
    "other": 0,
    "hasOther": false,
    "skipped": 0,
    "hasSkipped": false
  },
  "results": [
    {
      "uuid": "8d83917f-fe9c-4200-a447-15cdfb5b2e42",
      "title": "",
      "fullFile": "cypress\\e2e\\test-suite\\launchAMS.cy.js",
      "file": "cypress\\e2e\\test-suite\\launchAMS.cy.js",
      "beforeHooks": [],
      "afterHooks": [],
      "tests": [],
      "suites": [
        {
          "uuid": "f81b073d-f270-42d7-845e-629e29bdf33c",
          "title": "Add vehicle to sale",
          "fullFile": "",
          "file": "",
          "beforeHooks": [],
          "afterHooks": [],
          "tests": [
            {
              "title": "check sale is getting added in AMS",
              "fullTitle": "Add vehicle to sale check sale is getting added in AMS",
              "timedOut": null,
              "duration": 28348,
              "state": "passed",
              "speed": "slow",
              "pass": true,
              "fail": false,
              "pending": false,
              "context": null,
              "code": "cy.visit(Cypress.env('url'));\nAddVehicleToSaleObj.getAddSaleBtn().click();\n//cy.pause()\nAddVehicleToSaleObj.getSaleDescription().type(this.saleDetails.description);\n//cy.pause()\nAddVehicleToSaleObj.getDatepicker().click();\n// cy.pause()\nAddVehicleToSaleObj.getCalendar().should('be.visible');\nAddVehicleToSaleObj.getMonth().select(this.saleDetails.saleMonth);\nAddVehicleToSaleObj.getYear().select(this.saleDetails.saleYear);\n// cy.pause()\nAddVehicleToSaleObj.getAllDates().each(($el, index, $list) => {\n  if ($el.text() == this.saleDetails.saleDate) {\n    AddVehicleToSaleObj.selectDate().eq(index).click({\n      force: true\n    });\n  }\n});\nAddVehicleToSaleObj.getStartHour().type(this.saleDetails.saleStartHour);\nAddVehicleToSaleObj.getStartMinutes().type(this.saleDetails.saleStartMinutes);\n//cy.pause()\nAddVehicleToSaleObj.getSaveCTA().click();",
              "err": {},
              "uuid": "a23f37c1-f19a-41fc-a16a-c00d6937f86c",
              "parentUUID": "f81b073d-f270-42d7-845e-629e29bdf33c",
              "isHook": false,
              "skipped": false
            },
            {
              "title": "check vehicles are getting added in sale",
              "fullTitle": "Add vehicle to sale check vehicles are getting added in sale",
              "timedOut": null,
              "duration": 58364,
              "state": "failed",
              "speed": null,
              "pass": false,
              "fail": true,
              "pending": false,
              "context": null,
              "code": "cy.visit(Cypress.env('url'));\ncy.fixture(\"Multiple_vehicle\").then(data => {\n  data.forEach(vehiclesData => {\n    AddVehicleToSaleObj.getVehicleEntryViaBarcode().click({\n      force: true\n    });\n    cy.url().should('include', 'begin-vehicle-entry');\n    cy.wait(2000);\n    AddVehicleToSaleObj.getVrm().type(vehiclesData.vehicle_vrm);\n    AddVehicleToSaleObj.getBarcode().type(vehiclesData.vehicle_barcode);\n    AddVehicleToSaleObj.getSubmitBtn().click();\n    AddVehicleToSaleObj.getSubmitBtn().click();\n    AddVehicleToSaleObj.getmileage().type(vehiclesData.vehicle_mileage);\n    AddVehicleToSaleObj.getSubmitBtn().click();\n    // cy.pause()\n    AddVehicleToSaleObj.sellerUnknownCTA().click();\n    AddVehicleToSaleObj.confirmDetailsCTA().click({\n      force: true\n    });\n    //cy.pause()\n    AddVehicleToSaleObj.vehicleEditTab().click();\n    AddVehicleToSaleObj.vehicleV5HeldState().select(vehiclesData.vehicle_V5HeldState);\n    AddVehicleToSaleObj.vehicleServiceHistory().select(vehiclesData.vehicle_serviceHistory);\n    AddVehicleToSaleObj.vehicleVatStatus().select(vehiclesData.vehicle_vatStatus);\n    AddVehicleToSaleObj.editTabSaveCTA().click();\n    AddVehicleToSaleObj.globalMessage().should('have.text', 'Vehicle saved');\n    AddVehicleToSaleObj.getVehicleHistory().click({\n      force: true\n    });\n    AddVehicleToSaleObj.filterVehicle().type(vehiclesData.searchVehicle);\n    AddVehicleToSaleObj.searchCTA().click({\n      force: true\n    });\n    AddVehicleToSaleObj.selectSearchedVehicle().contains('div', vehiclesData.searchVehicle).click();\n    AddVehicleToSaleObj.vehicleEditTab().click();\n    // below code is to add new seller for vehicles\n    AddVehicleToSaleObj.addNewSellerCTA().click();\n    AddVehicleToSaleObj.sellerName().type(vehiclesData.sellerName);\n    AddVehicleToSaleObj.seller_pricing().select(vehiclesData.sellerPricing);\n    AddVehicleToSaleObj.sellerAddress().type(vehiclesData.sellerAddress);\n    AddVehicleToSaleObj.sellerTown().type(vehiclesData.sellerTown);\n    AddVehicleToSaleObj.sellerSaveCTA().then($button => {\n      if ($button.is(':visible')) {\n        //you get here only if button is visible\n        AddVehicleToSaleObj.sellerSaveCTA().click({\n          force: true\n        });\n      }\n    });\n    Cypress.config('defaultCommandTimeout', 15000);\n    Cypress.config('defaultCommandTimeout', 10000);\n    cy.wait(8000);\n    AddVehicleToSaleObj.vehicleSummaryTab().click({\n      force: true\n    });\n    AddVehicleToSaleObj.addVehicleToCurrentSaleCTA().click();\n    AddVehicleToSaleObj.globalMessage().should('have.text', 'Placed vehicle in sale');\n  });\n});",
              "err": {
                "message": "AssertionError: Timed out retrying after 15000ms: Expected to find element: `input[name='mileage']`, but never found it.",
                "estack": "AssertionError: Timed out retrying after 15000ms: Expected to find element: `input[name='mileage']`, but never found it.\n    at AddVehicleToSale.getmileage (webpack:///./cypress/support/pageObject/addVehicleToSale.cy.js:79:18)\n    at eval (webpack:///./cypress/e2e/test-suite/launchAMS.cy.js:75:36)\n    at Context.eval (webpack:///./cypress/e2e/test-suite/launchAMS.cy.js:66:17)",
                "diff": null
              },
              "uuid": "8643df66-4736-4517-b962-d1c459d56f63",
              "parentUUID": "f81b073d-f270-42d7-845e-629e29bdf33c",
              "isHook": false,
              "skipped": false
            }
          ],
          "suites": [],
          "passes": [
            "a23f37c1-f19a-41fc-a16a-c00d6937f86c"
          ],
          "failures": [
            "8643df66-4736-4517-b962-d1c459d56f63"
          ],
          "pending": [],
          "skipped": [],
          "duration": 86712,
          "root": false,
          "rootEmpty": false,
          "_timeout": 2000
        }
      ],
      "passes": [],
      "failures": [],
      "pending": [],
      "skipped": [],
      "duration": 0,
      "root": true,
      "rootEmpty": true,
      "_timeout": 2000
    }
  ],
  "meta": {
    "mocha": {
      "version": "7.0.1"
    },
    "mochawesome": {
      "options": {
        "quiet": false,
        "reportFilename": "report",
        "saveHtml": true,
        "saveJson": true,
        "consoleReporter": "spec",
        "useInlineDiffs": false,
        "code": true
      },
      "version": "7.1.3"
    },
    "marge": {
      "options": {
        "reportDir": "cypress/reports",
        "reportFilename": "report",
        "overwrite": false,
        "html": true,
        "json": true,
        "charts": true
      },
      "version": "6.2.0"
    }
  }
}