{
  "stats": {
    "suites": 1,
    "tests": 1,
    "passes": 1,
    "pending": 0,
    "failures": 0,
    "start": "2023-02-03T17:04:39.663Z",
    "end": "2023-02-03T17:04:51.160Z",
    "duration": 11497,
    "testsRegistered": 1,
    "passPercent": 100,
    "pendingPercent": 0,
    "other": 0,
    "hasOther": false,
    "skipped": 0,
    "hasSkipped": false
  },
  "results": [
    {
      "uuid": "6569a0f8-17e8-4149-b400-6f31f4cbf79b",
      "title": "",
      "fullFile": "cypress\\e2e\\test-suite\\launchAMS.cy.js",
      "file": "cypress\\e2e\\test-suite\\launchAMS.cy.js",
      "beforeHooks": [],
      "afterHooks": [],
      "tests": [],
      "suites": [
        {
          "uuid": "6dc03fe0-f544-453f-be63-86751db1611d",
          "title": "sample test",
          "fullFile": "",
          "file": "",
          "beforeHooks": [],
          "afterHooks": [],
          "tests": [
            {
              "title": "launch AMS",
              "fullTitle": "sample test launch AMS",
              "timedOut": null,
              "duration": 7158,
              "state": "passed",
              "speed": "medium",
              "pass": true,
              "fail": false,
              "pending": false,
              "context": null,
              "code": "cy.visit(Cypress.env('url'));\ncy.get(\"input[name='username']\").type('trushita.gadkari');\ncy.get(\"input[name='password']\").type('hl4b2wx6');\ncy.get(\"#submit1\").click();\ncy.wait(2000);",
              "err": {},
              "uuid": "e3873442-756f-4778-81ea-cc6da9b2f868",
              "parentUUID": "6dc03fe0-f544-453f-be63-86751db1611d",
              "isHook": false,
              "skipped": false
            }
          ],
          "suites": [],
          "passes": [
            "e3873442-756f-4778-81ea-cc6da9b2f868"
          ],
          "failures": [],
          "pending": [],
          "skipped": [],
          "duration": 7158,
          "root": false,
          "rootEmpty": false,
          "_timeout": 2000
        }
      ],
      "passes": [],
      "failures": [],
      "pending": [],
      "skipped": [],
      "duration": 0,
      "root": true,
      "rootEmpty": true,
      "_timeout": 2000
    }
  ],
  "meta": {
    "mocha": {
      "version": "7.0.1"
    },
    "mochawesome": {
      "options": {
        "quiet": false,
        "reportFilename": "report",
        "saveHtml": true,
        "saveJson": true,
        "consoleReporter": "spec",
        "useInlineDiffs": false,
        "code": true
      },
      "version": "7.1.3"
    },
    "marge": {
      "options": {
        "reportDir": "cypress/reports",
        "reportFilename": "report",
        "overwrite": false,
        "html": true,
        "json": true,
        "charts": true
      },
      "version": "6.2.0"
    }
  }
}