{
  "stats": {
    "suites": 1,
    "tests": 1,
    "passes": 1,
    "pending": 0,
    "failures": 0,
    "start": "2023-02-03T16:31:13.787Z",
    "end": "2023-02-03T16:31:22.421Z",
    "duration": 8634,
    "testsRegistered": 1,
    "passPercent": 100,
    "pendingPercent": 0,
    "other": 0,
    "hasOther": false,
    "skipped": 0,
    "hasSkipped": false
  },
  "results": [
    {
      "uuid": "47fe7ef8-cf53-410f-b17f-5fe637c0dafd",
      "title": "",
      "fullFile": "cypress\\e2e\\test-suite\\launchAMS.cy.js",
      "file": "cypress\\e2e\\test-suite\\launchAMS.cy.js",
      "beforeHooks": [],
      "afterHooks": [],
      "tests": [],
      "suites": [
        {
          "uuid": "ba97782e-ff09-4be6-af46-df7974aac1b8",
          "title": "sample test",
          "fullFile": "",
          "file": "",
          "beforeHooks": [],
          "afterHooks": [],
          "tests": [
            {
              "title": "launch AMS",
              "fullTitle": "sample test launch AMS",
              "timedOut": null,
              "duration": 6210,
              "state": "passed",
              "speed": "medium",
              "pass": true,
              "fail": false,
              "pending": false,
              "context": null,
              "code": "cy.visit(Cypress.env('url'));\ncy.get(\"input[name='username']\").type('trushita.gadkari');\ncy.get(\"input[name='password']\").type('hl4b2wx6');\ncy.get(\"#submit1\").click();\ncy.wait(2000);",
              "err": {},
              "uuid": "aa0118eb-1d8f-412d-873b-8a980fd565c3",
              "parentUUID": "ba97782e-ff09-4be6-af46-df7974aac1b8",
              "isHook": false,
              "skipped": false
            }
          ],
          "suites": [],
          "passes": [
            "aa0118eb-1d8f-412d-873b-8a980fd565c3"
          ],
          "failures": [],
          "pending": [],
          "skipped": [],
          "duration": 6210,
          "root": false,
          "rootEmpty": false,
          "_timeout": 2000
        }
      ],
      "passes": [],
      "failures": [],
      "pending": [],
      "skipped": [],
      "duration": 0,
      "root": true,
      "rootEmpty": true,
      "_timeout": 2000
    }
  ],
  "meta": {
    "mocha": {
      "version": "7.0.1"
    },
    "mochawesome": {
      "options": {
        "quiet": false,
        "reportFilename": "report",
        "saveHtml": true,
        "saveJson": true,
        "consoleReporter": "spec",
        "useInlineDiffs": false,
        "code": true
      },
      "version": "7.1.3"
    },
    "marge": {
      "options": {
        "reportDir": "cypress/reports",
        "reportFilename": "report",
        "overwrite": false,
        "html": true,
        "json": true,
        "charts": true
      },
      "version": "6.2.0"
    }
  }
}