{
  "stats": {
    "suites": 1,
    "tests": 1,
    "passes": 0,
    "pending": 0,
    "failures": 1,
    "start": "2023-02-03T17:07:28.018Z",
    "end": "2023-02-03T17:08:32.666Z",
    "duration": 64648,
    "testsRegistered": 1,
    "passPercent": 0,
    "pendingPercent": 0,
    "other": 0,
    "hasOther": false,
    "skipped": 0,
    "hasSkipped": false
  },
  "results": [
    {
      "uuid": "1968b2f1-6d21-4154-bd42-2566fcedf420",
      "title": "",
      "fullFile": "cypress\\e2e\\test-suite\\launchAMS.cy.js",
      "file": "cypress\\e2e\\test-suite\\launchAMS.cy.js",
      "beforeHooks": [],
      "afterHooks": [],
      "tests": [],
      "suites": [
        {
          "uuid": "2041e52c-341b-4027-84c9-8eb02abc1202",
          "title": "sample test",
          "fullFile": "",
          "file": "",
          "beforeHooks": [],
          "afterHooks": [],
          "tests": [
            {
              "title": "launch AMS",
              "fullTitle": "sample test launch AMS",
              "timedOut": null,
              "duration": 62308,
              "state": "failed",
              "speed": null,
              "pass": false,
              "fail": true,
              "pending": false,
              "context": null,
              "code": "cy.visit(Cypress.env('url'));\ncy.get(\"input[name='username']\").type('trushita.gadkari');\ncy.get(\"input[name='password']\").type('hl4b2wx6');\ncy.get(\"#submit1\").click();\ncy.wait(2000);",
              "err": {
                "message": "CypressError: Timed out after waiting `60000ms` for your remote page to load.\n\nYour page did not fire its `load` event within `60000ms`.\n\nYou can try increasing the `pageLoadTimeout` value in `cypress.config.js` to wait longer.\n\nBrowsers will not fire the `load` event until all stylesheets and scripts are done downloading.\n\nWhen this `load` event occurs, Cypress will continue running commands.",
                "estack": "CypressError: Timed out after waiting `60000ms` for your remote page to load.\n\nYour page did not fire its `load` event within `60000ms`.\n\nYou can try increasing the `pageLoadTimeout` value in `cypress.config.js` to wait longer.\n\nBrowsers will not fire the `load` event until all stylesheets and scripts are done downloading.\n\nWhen this `load` event occurs, Cypress will continue running commands.\n    at timedOutWaitingForPageLoad (https://amstest.astonbarclay.net/__cypress/runner/cypress_runner.js:137290:72)\n    at <unknown> (https://amstest.astonbarclay.net/__cypress/runner/cypress_runner.js:137588:16)\n    at tryCatcher (https://amstest.astonbarclay.net/__cypress/runner/cypress_runner.js:8914:23)\n    at <unknown> (https://amstest.astonbarclay.net/__cypress/runner/cypress_runner.js:4036:41)\n    at tryCatcher (https://amstest.astonbarclay.net/__cypress/runner/cypress_runner.js:8914:23)\n    at Promise._settlePromiseFromHandler (https://amstest.astonbarclay.net/__cypress/runner/cypress_runner.js:6849:31)\n    at Promise._settlePromise (https://amstest.astonbarclay.net/__cypress/runner/cypress_runner.js:6906:18)\n    at Promise._settlePromise0 (https://amstest.astonbarclay.net/__cypress/runner/cypress_runner.js:6951:10)\n    at Promise._settlePromises (https://amstest.astonbarclay.net/__cypress/runner/cypress_runner.js:7027:18)\n    at _drainQueueStep (https://amstest.astonbarclay.net/__cypress/runner/cypress_runner.js:3621:12)\n    at _drainQueue (https://amstest.astonbarclay.net/__cypress/runner/cypress_runner.js:3614:9)\n    at ../../node_modules/bluebird/js/release/async.js.Async._drainQueues (https://amstest.astonbarclay.net/__cypress/runner/cypress_runner.js:3630:5)\n    at Async.drainQueues (https://amstest.astonbarclay.net/__cypress/runner/cypress_runner.js:3500:14)\nFrom Your Spec Code:\n    at Context.eval (webpack:///./cypress/e2e/test-suite/launchAMS.cy.js:9:11)",
                "diff": null
              },
              "uuid": "2ead35b7-c523-4898-af3b-ff511ead3df4",
              "parentUUID": "2041e52c-341b-4027-84c9-8eb02abc1202",
              "isHook": false,
              "skipped": false
            }
          ],
          "suites": [],
          "passes": [],
          "failures": [
            "2ead35b7-c523-4898-af3b-ff511ead3df4"
          ],
          "pending": [],
          "skipped": [],
          "duration": 62308,
          "root": false,
          "rootEmpty": false,
          "_timeout": 2000
        }
      ],
      "passes": [],
      "failures": [],
      "pending": [],
      "skipped": [],
      "duration": 0,
      "root": true,
      "rootEmpty": true,
      "_timeout": 2000
    }
  ],
  "meta": {
    "mocha": {
      "version": "7.0.1"
    },
    "mochawesome": {
      "options": {
        "quiet": false,
        "reportFilename": "report",
        "saveHtml": true,
        "saveJson": true,
        "consoleReporter": "spec",
        "useInlineDiffs": false,
        "code": true
      },
      "version": "7.1.3"
    },
    "marge": {
      "options": {
        "reportDir": "cypress/reports",
        "reportFilename": "report",
        "overwrite": false,
        "html": true,
        "json": true,
        "charts": true
      },
      "version": "6.2.0"
    }
  }
}